2020-12-12 21:45:35: Peer 1004 has now started
2020-12-12 21:45:37: Peer 1004 has set Common Configurations: NumberOfPreferredNeighbors = 3, UnchokingInterval = 5, OptimisticUnchokingInterval = 10, FileName = thefile, FileSize = 2167705, PieceSize = 32768
2020-12-12 21:45:44: Peer 1004 HANDSHAKE has been sent...
2020-12-12 21:45:44: Peer 1004 makes a connection to Peer 1001
2020-12-12 21:45:44: Peer 1004 Received a HANDSHAKE message from Peer 1001
2020-12-12 21:45:44: Peer 1004 has the optimistically unchoked neighbor 1001
2020-12-12 21:45:45: Peer 1004 sending an INTERESTED message to Peer 1001
2020-12-12 21:45:45: Peer 1004 is UNCHOKED by Peer 1001
2020-12-12 21:45:45: Peer 1004 sending a REQUEST message to Peer 1001
2020-12-12 21:45:46: Peer 1004 has downloaded the PIECE 0 from Peer 1001. Number of pieces left =  1
2020-12-12 21:45:46: Peer 1004 sending a REQUEST message to Peer 1001
2020-12-12 21:45:46: Peer 1004 has downloaded the PIECE 1 from Peer 1001. Number of pieces left =  2
2020-12-12 21:45:46: Peer 1004 sending a REQUEST message to Peer 1001
2020-12-12 21:45:47: Peer 1004 has downloaded the PIECE 2 from Peer 1001. Number of pieces left =  3
2020-12-12 21:45:47: Peer 1004 sending a REQUEST message to Peer 1001
2020-12-12 21:45:47: Peer 1004 has downloaded the PIECE 3 from Peer 1001. Number of pieces left =  4
2020-12-12 21:45:47: Peer 1004 sending a REQUEST message to Peer 1001
2020-12-12 21:45:48: Peer 1004 has downloaded the PIECE 4 from Peer 1001. Number of pieces left =  5
2020-12-12 21:45:48: Peer 1004 sending a REQUEST message to Peer 1001
2020-12-12 21:45:48: Peer 1004 has downloaded the PIECE 5 from Peer 1001. Number of pieces left =  6
2020-12-12 21:45:48: Peer 1004 sending a REQUEST message to Peer 1001
2020-12-12 21:45:49: Peer 1004 has downloaded the PIECE 6 from Peer 1001. Number of pieces left =  7
2020-12-12 21:45:49: Peer 1004 sending a REQUEST message to Peer 1001
2020-12-12 21:45:49: Peer 1004 has downloaded the PIECE 7 from Peer 1001. Number of pieces left =  8
2020-12-12 21:45:49: Peer 1004 sending a REQUEST message to Peer 1001
2020-12-12 21:45:50: Peer 1004 has downloaded the PIECE 8 from Peer 1001. Number of pieces left =  9
2020-12-12 21:45:50: Peer 1004 sending a REQUEST message to Peer 1001
2020-12-12 21:45:50: Peer 1004 has downloaded the PIECE 9 from Peer 1001. Number of pieces left =  10
2020-12-12 21:45:50: Peer 1004 sending a REQUEST message to Peer 1001
2020-12-12 21:45:51: Peer 1004 has downloaded the PIECE 10 from Peer 1001. Number of pieces left =  11
2020-12-12 21:45:51: Peer 1004 sending a REQUEST message to Peer 1001
2020-12-12 21:45:51: Peer 1004 has downloaded the PIECE 11 from Peer 1001. Number of pieces left =  12
2020-12-12 21:45:51: Peer 1004 sending a REQUEST message to Peer 1001
2020-12-12 21:45:52: Peer 1004 has downloaded the PIECE 12 from Peer 1001. Number of pieces left =  13
2020-12-12 21:45:52: Peer 1004 sending a REQUEST message to Peer 1001
2020-12-12 21:45:52: Peer 1004 has downloaded the PIECE 13 from Peer 1001. Number of pieces left =  14
2020-12-12 21:45:52: Peer 1004 sending a REQUEST message to Peer 1001
2020-12-12 21:45:53: Peer 1004 Connection is established
2020-12-12 21:45:53: Peer 1004 makes a connection to Peer 1009
2020-12-12 21:45:53: Peer 1004 Received a HANDSHAKE message from Peer 1009
2020-12-12 21:45:53: Peer 1004 HANDSHAKE message has been sent successfully.
2020-12-12 21:45:53: Peer 1004 receieved a BITFIELD message from Peer 1009
2020-12-12 21:45:53: Peer 1004 sending BITFIELD message to Peer 1009
2020-12-12 21:45:53: Peer 1004 has downloaded the PIECE 14 from Peer 1001. Number of pieces left =  15
2020-12-12 21:45:53: Peer 1004 sending a REQUEST message to Peer 1001
2020-12-12 21:45:53: Peer 1004 has downloaded the PIECE 15 from Peer 1001. Number of pieces left =  16
2020-12-12 21:45:53: Peer 1004 sending a REQUEST message to Peer 1001
2020-12-12 21:45:53: Peer 1004 receieved an INTERESTED message from Peer 1009
2020-12-12 21:45:53: Peer 1004 sending UNCHOKE message to Peer 1009
2020-12-12 21:45:54: Peer 1004 has downloaded the PIECE 16 from Peer 1001. Number of pieces left =  17
2020-12-12 21:45:54: Peer 1004 sending a REQUEST message to Peer 1001
2020-12-12 21:45:54: Peer 1004 sending HAVE message to Peer 1009
2020-12-12 21:45:54: Peer 1004 has the optimistically unchoked neighbor 1007
2020-12-12 21:45:54: Peer 1004 has downloaded the PIECE 17 from Peer 1001. Number of pieces left =  18
2020-12-12 21:45:54: Peer 1004 sending a REQUEST message to Peer 1001
2020-12-12 21:45:54: Peer 1004 sending HAVE message to Peer 1009
2020-12-12 21:45:55: Peer 1004 has downloaded the PIECE 18 from Peer 1001. Number of pieces left =  19
2020-12-12 21:45:55: Peer 1004 sending a REQUEST message to Peer 1001
2020-12-12 21:45:55: Peer 1004 sending HAVE message to Peer 1009
2020-12-12 21:45:55: Peer 1004 has downloaded the PIECE 19 from Peer 1001. Number of pieces left =  20
2020-12-12 21:45:55: Peer 1004 sending a REQUEST message to Peer 1001
2020-12-12 21:45:55: Peer 1004 sending HAVE message to Peer 1009
2020-12-12 21:45:56: Peer 1004 has downloaded the PIECE 20 from Peer 1001. Number of pieces left =  21
2020-12-12 21:45:56: Peer 1004 sending a REQUEST message to Peer 1001
2020-12-12 21:45:56: Peer 1004 sending HAVE message to Peer 1009
2020-12-12 21:45:56: Peer 1004 has downloaded the PIECE 21 from Peer 1001. Number of pieces left =  22
2020-12-12 21:45:56: Peer 1004 sending a REQUEST message to Peer 1001
2020-12-12 21:45:56: Peer 1004 sending HAVE message to Peer 1009
2020-12-12 21:45:57: Peer 1004 has downloaded the PIECE 22 from Peer 1001. Number of pieces left =  23
2020-12-12 21:45:57: Peer 1004 sending a REQUEST message to Peer 1001
2020-12-12 21:45:57: Peer 1004 sending HAVE message to Peer 1009
2020-12-12 21:45:57: Peer 1004 has downloaded the PIECE 23 from Peer 1001. Number of pieces left =  24
2020-12-12 21:45:57: Peer 1004 sending a REQUEST message to Peer 1001
2020-12-12 21:45:57: Peer 1004 sending HAVE message to Peer 1009
2020-12-12 21:45:58: Peer 1004 has downloaded the PIECE 24 from Peer 1001. Number of pieces left =  25
2020-12-12 21:45:58: Peer 1004 sending a REQUEST message to Peer 1001
2020-12-12 21:45:58: Peer 1004 sending HAVE message to Peer 1009
2020-12-12 21:45:58: Peer 1004 has downloaded the PIECE 25 from Peer 1001. Number of pieces left =  26
2020-12-12 21:45:58: Peer 1004 sending a REQUEST message to Peer 1001
2020-12-12 21:45:59: Peer 1004 sending HAVE message to Peer 1009
2020-12-12 21:45:59: Peer 1004 has downloaded the PIECE 26 from Peer 1001. Number of pieces left =  27
2020-12-12 21:45:59: Peer 1004 sending a REQUEST message to Peer 1001
2020-12-12 21:45:59: Peer 1004 sending HAVE message to Peer 1009
2020-12-12 21:46:00: Peer 1004 has downloaded the PIECE 27 from Peer 1001. Number of pieces left =  28
2020-12-12 21:46:00: Peer 1004 sending a REQUEST message to Peer 1001
2020-12-12 21:46:00: Peer 1004 sending HAVE message to Peer 1009
2020-12-12 21:46:00: Peer 1004 has downloaded the PIECE 28 from Peer 1001. Number of pieces left =  29
2020-12-12 21:46:00: Peer 1004 sending a REQUEST message to Peer 1001
2020-12-12 21:46:00: Peer 1004 sending HAVE message to Peer 1009
2020-12-12 21:46:01: Peer 1004 has downloaded the PIECE 29 from Peer 1001. Number of pieces left =  30
2020-12-12 21:46:01: Peer 1004 sending a REQUEST message to Peer 1001
2020-12-12 21:46:01: Peer 1004 sending HAVE message to Peer 1009
2020-12-12 21:46:01: Peer 1004 has downloaded the PIECE 30 from Peer 1001. Number of pieces left =  31
2020-12-12 21:46:01: Peer 1004 sending a REQUEST message to Peer 1001
2020-12-12 21:46:01: Peer 1004 sending HAVE message to Peer 1009
2020-12-12 21:46:02: Peer 1004 has downloaded the PIECE 31 from Peer 1001. Number of pieces left =  32
2020-12-12 21:46:02: Peer 1004 sending a REQUEST message to Peer 1001
2020-12-12 21:46:02: Peer 1004 sending HAVE message to Peer 1009
2020-12-12 21:46:02: Peer 1004 has downloaded the PIECE 32 from Peer 1001. Number of pieces left =  33
2020-12-12 21:46:02: Peer 1004 sending a REQUEST message to Peer 1001
2020-12-12 21:46:02: Peer 1004 sending HAVE message to Peer 1009
2020-12-12 21:46:03: Peer 1004 has downloaded the PIECE 33 from Peer 1001. Number of pieces left =  34
2020-12-12 21:46:03: Peer 1004 sending a REQUEST message to Peer 1001
2020-12-12 21:46:03: Peer 1004 sending HAVE message to Peer 1009
2020-12-12 21:46:03: Peer 1004 has downloaded the PIECE 34 from Peer 1001. Number of pieces left =  35
2020-12-12 21:46:03: Peer 1004 sending a REQUEST message to Peer 1001
2020-12-12 21:46:03: Peer 1004 sending HAVE message to Peer 1009
2020-12-12 21:46:04: Peer 1004 has downloaded the PIECE 35 from Peer 1001. Number of pieces left =  36
2020-12-12 21:46:04: Peer 1004 sending a REQUEST message to Peer 1001
2020-12-12 21:46:04: Peer 1004 sending HAVE message to Peer 1009
2020-12-12 21:46:04: Peer 1004 has downloaded the PIECE 36 from Peer 1001. Number of pieces left =  37
2020-12-12 21:46:04: Peer 1004 sending a REQUEST message to Peer 1001
2020-12-12 21:46:04: Peer 1004 sending HAVE message to Peer 1009
2020-12-12 21:46:04: Peer 1004 has the optimistically unchoked neighbor 1009
2020-12-12 21:46:05: Peer 1004 has downloaded the PIECE 37 from Peer 1001. Number of pieces left =  38
2020-12-12 21:46:05: Peer 1004 sending a REQUEST message to Peer 1001
2020-12-12 21:46:05: Peer 1004 sending HAVE message to Peer 1009
2020-12-12 21:46:05: Peer 1004 has downloaded the PIECE 38 from Peer 1001. Number of pieces left =  39
2020-12-12 21:46:05: Peer 1004 sending a REQUEST message to Peer 1001
2020-12-12 21:46:05: Peer 1004 sending HAVE message to Peer 1009
2020-12-12 21:46:06: Peer 1004 has downloaded the PIECE 39 from Peer 1001. Number of pieces left =  40
2020-12-12 21:46:06: Peer 1004 sending a REQUEST message to Peer 1001
2020-12-12 21:46:06: Peer 1004 sending HAVE message to Peer 1009
2020-12-12 21:46:06: Peer 1004 has downloaded the PIECE 40 from Peer 1001. Number of pieces left =  41
2020-12-12 21:46:06: Peer 1004 sending a REQUEST message to Peer 1001
2020-12-12 21:46:06: Peer 1004 sending HAVE message to Peer 1009
2020-12-12 21:46:07: Peer 1004 has downloaded the PIECE 41 from Peer 1001. Number of pieces left =  42
2020-12-12 21:46:07: Peer 1004 sending a REQUEST message to Peer 1001
2020-12-12 21:46:07: Peer 1004 sending HAVE message to Peer 1009
2020-12-12 21:46:07: Peer 1004 has downloaded the PIECE 42 from Peer 1001. Number of pieces left =  43
2020-12-12 21:46:07: Peer 1004 sending a REQUEST message to Peer 1001
2020-12-12 21:46:07: Peer 1004 sending HAVE message to Peer 1009
2020-12-12 21:46:08: Peer 1004 has downloaded the PIECE 43 from Peer 1001. Number of pieces left =  44
2020-12-12 21:46:08: Peer 1004 sending a REQUEST message to Peer 1001
2020-12-12 21:46:08: Peer 1004 sending HAVE message to Peer 1009
2020-12-12 21:46:08: Peer 1004 has downloaded the PIECE 44 from Peer 1001. Number of pieces left =  45
2020-12-12 21:46:08: Peer 1004 sending a REQUEST message to Peer 1001
2020-12-12 21:46:08: Peer 1004 sending HAVE message to Peer 1009
2020-12-12 21:46:09: Peer 1004 has downloaded the PIECE 45 from Peer 1001. Number of pieces left =  46
2020-12-12 21:46:09: Peer 1004 sending a REQUEST message to Peer 1001
2020-12-12 21:46:09: Peer 1004 sending HAVE message to Peer 1009
2020-12-12 21:46:09: Peer 1004 has downloaded the PIECE 46 from Peer 1001. Number of pieces left =  47
2020-12-12 21:46:09: Peer 1004 sending a REQUEST message to Peer 1001
2020-12-12 21:46:09: Peer 1004 sending HAVE message to Peer 1009
2020-12-12 21:46:10: Peer 1004 has downloaded the PIECE 47 from Peer 1001. Number of pieces left =  48
2020-12-12 21:46:10: Peer 1004 sending a REQUEST message to Peer 1001
2020-12-12 21:46:10: Peer 1004 sending HAVE message to Peer 1009
2020-12-12 21:46:10: Peer 1004 has downloaded the PIECE 48 from Peer 1001. Number of pieces left =  49
2020-12-12 21:46:10: Peer 1004 sending a REQUEST message to Peer 1001
2020-12-12 21:46:10: Peer 1004 sending HAVE message to Peer 1009
2020-12-12 21:46:11: Peer 1004 has downloaded the PIECE 49 from Peer 1001. Number of pieces left =  50
2020-12-12 21:46:11: Peer 1004 sending a REQUEST message to Peer 1001
2020-12-12 21:46:11: Peer 1004 sending HAVE message to Peer 1009
2020-12-12 21:46:11: Peer 1004 has downloaded the PIECE 50 from Peer 1001. Number of pieces left =  51
2020-12-12 21:46:11: Peer 1004 sending a REQUEST message to Peer 1001
2020-12-12 21:46:11: Peer 1004 sending HAVE message to Peer 1009
2020-12-12 21:46:12: Peer 1004 has downloaded the PIECE 51 from Peer 1001. Number of pieces left =  52
2020-12-12 21:46:12: Peer 1004 sending a REQUEST message to Peer 1001
2020-12-12 21:46:12: Peer 1004 sending HAVE message to Peer 1009
2020-12-12 21:46:12: Peer 1004 has downloaded the PIECE 52 from Peer 1001. Number of pieces left =  53
2020-12-12 21:46:12: Peer 1004 sending a REQUEST message to Peer 1001
2020-12-12 21:46:12: Peer 1004 sending HAVE message to Peer 1009
2020-12-12 21:46:13: Peer 1004 has downloaded the PIECE 53 from Peer 1001. Number of pieces left =  54
2020-12-12 21:46:13: Peer 1004 sending a REQUEST message to Peer 1001
2020-12-12 21:46:13: Peer 1004 sending HAVE message to Peer 1009
2020-12-12 21:46:13: Peer 1004 has downloaded the PIECE 54 from Peer 1001. Number of pieces left =  55
2020-12-12 21:46:13: Peer 1004 sending a REQUEST message to Peer 1001
2020-12-12 21:46:13: Peer 1004 sending HAVE message to Peer 1009
2020-12-12 21:46:14: Peer 1004 has downloaded the PIECE 55 from Peer 1001. Number of pieces left =  56
2020-12-12 21:46:14: Peer 1004 sending a REQUEST message to Peer 1001
2020-12-12 21:46:14: Peer 1004 sending HAVE message to Peer 1009
2020-12-12 21:46:14: Peer 1004 has downloaded the PIECE 56 from Peer 1001. Number of pieces left =  57
2020-12-12 21:46:14: Peer 1004 sending a REQUEST message to Peer 1001
2020-12-12 21:46:14: Peer 1004 sending HAVE message to Peer 1009
2020-12-12 21:46:14: Peer 1004 has the optimistically unchoked neighbor 1004
2020-12-12 21:46:15: Peer 1004 has downloaded the PIECE 57 from Peer 1001. Number of pieces left =  58
2020-12-12 21:46:15: Peer 1004 sending a REQUEST message to Peer 1001
2020-12-12 21:46:15: Peer 1004 sending HAVE message to Peer 1009
2020-12-12 21:46:15: Peer 1004 has downloaded the PIECE 58 from Peer 1001. Number of pieces left =  59
2020-12-12 21:46:15: Peer 1004 sending a REQUEST message to Peer 1001
2020-12-12 21:46:15: Peer 1004 sending HAVE message to Peer 1009
2020-12-12 21:46:16: Peer 1004 has downloaded the PIECE 59 from Peer 1001. Number of pieces left =  60
2020-12-12 21:46:16: Peer 1004 sending a REQUEST message to Peer 1001
2020-12-12 21:46:16: Peer 1004 sending HAVE message to Peer 1009
2020-12-12 21:46:16: Peer 1004 has downloaded the PIECE 60 from Peer 1001. Number of pieces left =  61
2020-12-12 21:46:16: Peer 1004 sending a REQUEST message to Peer 1001
2020-12-12 21:46:16: Peer 1004 sending HAVE message to Peer 1009
2020-12-12 21:46:17: Peer 1004 has downloaded the PIECE 61 from Peer 1001. Number of pieces left =  62
2020-12-12 21:46:17: Peer 1004 sending a REQUEST message to Peer 1001
2020-12-12 21:46:17: Peer 1004 sending HAVE message to Peer 1009
2020-12-12 21:46:17: Peer 1004 has downloaded the PIECE 62 from Peer 1001. Number of pieces left =  63
2020-12-12 21:46:17: Peer 1004 sending a REQUEST message to Peer 1001
2020-12-12 21:46:17: Peer 1004 sending HAVE message to Peer 1009
2020-12-12 21:46:18: Peer 1004 has downloaded the PIECE 63 from Peer 1001. Number of pieces left =  64
2020-12-12 21:46:18: Peer 1004 sending a REQUEST message to Peer 1001
2020-12-12 21:46:18: Peer 1004 sending HAVE message to Peer 1009
2020-12-12 21:46:18: Peer 1004 has downloaded the PIECE 64 from Peer 1001. Number of pieces left =  65
2020-12-12 21:46:18: Peer 1004 sending a REQUEST message to Peer 1001
2020-12-12 21:46:18: Peer 1004 sending HAVE message to Peer 1009
2020-12-12 21:46:19: Peer 1004 has downloaded the PIECE 65 from Peer 1001. Number of pieces left =  66
2020-12-12 21:46:19: Peer 1004 sending a REQUEST message to Peer 1001
2020-12-12 21:46:19: Peer 1004 sending HAVE message to Peer 1009
2020-12-12 21:46:19: Peer 1004 has downloaded the PIECE 66 from Peer 1001. Number of pieces left =  67
2020-12-12 21:46:20: Peer 1004 has DOWNLOADED the complete file.
2020-12-12 21:46:20: Peer 1004 sending HAVE message to Peer 1009
2020-12-12 21:46:24: Peer 1004 has the optimistically unchoked neighbor 1009
2020-12-12 21:46:24: Peer DOWNLOAD COMPLETE!!.
