2020-12-12 21:43:14: Peer 1001 has now started
2020-12-12 21:43:15: Peer 1001 has set Common Configurations: NumberOfPreferredNeighbors = 3, UnchokingInterval = 5, OptimisticUnchokingInterval = 10, FileName = thefile, FileSize = 2167705, PieceSize = 32768
2020-12-12 21:43:16: Peer 1001 has the optimistically unchoked neighbor 1005
2020-12-12 21:43:25: Peer 1001 has the optimistically unchoked neighbor 1004
2020-12-12 21:43:28: Peer 1001 Connection is established
2020-12-12 21:43:29: Peer 1001 makes a connection to Peer 1003
2020-12-12 21:43:29: Peer 1001 Received a HANDSHAKE message from Peer 1003
2020-12-12 21:43:29: Peer 1001 HANDSHAKE message has been sent successfully.
2020-12-12 21:43:29: Peer 1001 receieved a BITFIELD message from Peer 1003
2020-12-12 21:43:29: Peer 1001 sending BITFIELD message to Peer 1003
2020-12-12 21:43:29: Peer 1001 receieved an INTERESTED message from Peer 1003
2020-12-12 21:43:29: Peer 1001 sending UNCHOKE message to Peer 1003
2020-12-12 21:43:30: Peer 1001 sending a PIECE message for piece 0 to Peer 1003
2020-12-12 21:43:31: Peer 1001 sending a PIECE message for piece 1 to Peer 1003
2020-12-12 21:43:31: Peer 1001 Connection is established
2020-12-12 21:43:31: Peer 1001 sending a PIECE message for piece 2 to Peer 1003
2020-12-12 21:43:31: Peer 1001 makes a connection to Peer 1008
2020-12-12 21:43:31: Peer 1001 Received a HANDSHAKE message from Peer 1008
2020-12-12 21:43:31: Peer 1001 HANDSHAKE message has been sent successfully.
2020-12-12 21:43:32: Peer 1001 receieved a BITFIELD message from Peer 1008
2020-12-12 21:43:32: Peer 1001 sending BITFIELD message to Peer 1008
2020-12-12 21:43:32: Peer 1001 sending a PIECE message for piece 3 to Peer 1003
2020-12-12 21:43:32: Peer 1001 sending a PIECE message for piece 4 to Peer 1003
2020-12-12 21:43:32: Peer 1001 receieved an INTERESTED message from Peer 1008
2020-12-12 21:43:32: Peer 1001 sending UNCHOKE message to Peer 1008
2020-12-12 21:43:33: Peer 1001 sending a PIECE message for piece 5 to Peer 1003
2020-12-12 21:43:33: Peer 1001 sending a PIECE message for piece 0 to Peer 1008
2020-12-12 21:43:33: Peer 1001 sending a PIECE message for piece 6 to Peer 1003
2020-12-12 21:43:34: Peer 1001 sending a PIECE message for piece 1 to Peer 1008
2020-12-12 21:43:34: Peer 1001 sending a PIECE message for piece 7 to Peer 1003
2020-12-12 21:43:34: Peer 1001 sending a PIECE message for piece 2 to Peer 1008
2020-12-12 21:43:34: Peer 1001 sending a PIECE message for piece 8 to Peer 1003
2020-12-12 21:43:35: Peer 1001 sending a PIECE message for piece 3 to Peer 1008
2020-12-12 21:43:35: Peer 1001 sending a PIECE message for piece 9 to Peer 1003
2020-12-12 21:43:35: Peer 1001 sending a PIECE message for piece 4 to Peer 1008
2020-12-12 21:43:35: Peer 1001 sending a PIECE message for piece 10 to Peer 1003
2020-12-12 21:43:35: Peer 1001 has the optimistically unchoked neighbor 1004
2020-12-12 21:43:36: Peer 1001 sending a PIECE message for piece 5 to Peer 1008
2020-12-12 21:43:36: Peer 1001 sending a PIECE message for piece 11 to Peer 1003
2020-12-12 21:43:36: Peer 1001 sending a PIECE message for piece 6 to Peer 1008
2020-12-12 21:43:36: Peer 1001 sending a PIECE message for piece 12 to Peer 1003
2020-12-12 21:43:37: Peer 1001 sending a PIECE message for piece 7 to Peer 1008
2020-12-12 21:43:37: Peer 1001 sending a PIECE message for piece 13 to Peer 1003
2020-12-12 21:43:37: Peer 1001 sending a PIECE message for piece 8 to Peer 1008
2020-12-12 21:43:37: Peer 1001 sending a PIECE message for piece 14 to Peer 1003
2020-12-12 21:43:38: Peer 1001 sending a PIECE message for piece 9 to Peer 1008
2020-12-12 21:43:38: Peer 1001 sending a PIECE message for piece 15 to Peer 1003
2020-12-12 21:43:38: Peer 1001 sending a PIECE message for piece 10 to Peer 1008
2020-12-12 21:43:38: Peer 1001 sending a PIECE message for piece 16 to Peer 1003
2020-12-12 21:43:39: Peer 1001 sending a PIECE message for piece 11 to Peer 1008
2020-12-12 21:43:39: Peer 1001 sending a PIECE message for piece 17 to Peer 1003
2020-12-12 21:43:39: Peer 1001 sending a PIECE message for piece 12 to Peer 1008
2020-12-12 21:43:39: Peer 1001 sending a PIECE message for piece 18 to Peer 1003
2020-12-12 21:43:40: Peer 1001 sending a PIECE message for piece 19 to Peer 1003
2020-12-12 21:43:40: Peer 1001 sending a PIECE message for piece 13 to Peer 1008
2020-12-12 21:43:40: Peer 1001 sending a PIECE message for piece 20 to Peer 1003
2020-12-12 21:43:40: Peer 1001 sending a PIECE message for piece 14 to Peer 1008
2020-12-12 21:43:41: Peer 1001 sending a PIECE message for piece 21 to Peer 1003
2020-12-12 21:43:41: Peer 1001 sending a PIECE message for piece 15 to Peer 1008
2020-12-12 21:43:41: Peer 1001 sending a PIECE message for piece 22 to Peer 1003
2020-12-12 21:43:41: Peer 1001 sending a PIECE message for piece 16 to Peer 1008
2020-12-12 21:43:42: Peer 1001 sending a PIECE message for piece 23 to Peer 1003
2020-12-12 21:43:42: Peer 1001 sending a PIECE message for piece 17 to Peer 1008
2020-12-12 21:43:42: Peer 1001 sending a PIECE message for piece 24 to Peer 1003
2020-12-12 21:43:42: Peer 1001 sending a PIECE message for piece 18 to Peer 1008
2020-12-12 21:43:43: Peer 1001 sending a PIECE message for piece 25 to Peer 1003
2020-12-12 21:43:43: Peer 1001 sending a PIECE message for piece 19 to Peer 1008
2020-12-12 21:43:43: Peer 1001 sending a PIECE message for piece 26 to Peer 1003
2020-12-12 21:43:43: Peer 1001 sending a PIECE message for piece 20 to Peer 1008
2020-12-12 21:43:44: Peer 1001 sending a PIECE message for piece 27 to Peer 1003
2020-12-12 21:43:44: Peer 1001 sending a PIECE message for piece 21 to Peer 1008
2020-12-12 21:43:44: Peer 1001 sending a PIECE message for piece 28 to Peer 1003
2020-12-12 21:43:44: Peer 1001 sending a PIECE message for piece 22 to Peer 1008
2020-12-12 21:43:45: Peer 1001 sending a PIECE message for piece 29 to Peer 1003
2020-12-12 21:43:45: Peer 1001 sending a PIECE message for piece 23 to Peer 1008
2020-12-12 21:43:45: Peer 1001 sending a PIECE message for piece 30 to Peer 1003
2020-12-12 21:43:45: Peer 1001 has the optimistically unchoked neighbor 1006
2020-12-12 21:43:45: Peer 1001 sending a PIECE message for piece 24 to Peer 1008
2020-12-12 21:43:46: Peer 1001 sending a PIECE message for piece 31 to Peer 1003
2020-12-12 21:43:46: Peer 1001 sending a PIECE message for piece 25 to Peer 1008
2020-12-12 21:43:46: Peer 1001 sending a PIECE message for piece 32 to Peer 1003
2020-12-12 21:43:46: Peer 1001 sending a PIECE message for piece 26 to Peer 1008
2020-12-12 21:43:47: Peer 1001 sending a PIECE message for piece 33 to Peer 1003
2020-12-12 21:43:47: Peer 1001 sending a PIECE message for piece 27 to Peer 1008
2020-12-12 21:43:47: Peer 1001 sending a PIECE message for piece 34 to Peer 1003
2020-12-12 21:43:47: Peer 1001 sending a PIECE message for piece 28 to Peer 1008
2020-12-12 21:43:48: Peer 1001 sending a PIECE message for piece 35 to Peer 1003
2020-12-12 21:43:48: Peer 1001 sending a PIECE message for piece 29 to Peer 1008
2020-12-12 21:43:48: Peer 1001 sending a PIECE message for piece 36 to Peer 1003
2020-12-12 21:43:48: Peer 1001 sending a PIECE message for piece 30 to Peer 1008
2020-12-12 21:43:49: Peer 1001 sending a PIECE message for piece 37 to Peer 1003
2020-12-12 21:43:49: Peer 1001 sending a PIECE message for piece 31 to Peer 1008
2020-12-12 21:43:50: Peer 1001 sending a PIECE message for piece 32 to Peer 1008
2020-12-12 21:43:50: Peer 1001 sending a PIECE message for piece 38 to Peer 1003
2020-12-12 21:43:50: Peer 1001 sending a PIECE message for piece 33 to Peer 1008
2020-12-12 21:43:50: Peer 1001 sending a PIECE message for piece 39 to Peer 1003
2020-12-12 21:43:51: Peer 1001 sending a PIECE message for piece 34 to Peer 1008
2020-12-12 21:43:51: Peer 1001 sending a PIECE message for piece 40 to Peer 1003
2020-12-12 21:43:51: Peer 1001 sending a PIECE message for piece 35 to Peer 1008
2020-12-12 21:43:51: Peer 1001 sending a PIECE message for piece 41 to Peer 1003
2020-12-12 21:43:52: Peer 1001 sending a PIECE message for piece 36 to Peer 1008
2020-12-12 21:43:52: Peer 1001 sending a PIECE message for piece 42 to Peer 1003
2020-12-12 21:43:52: Peer 1001 sending a PIECE message for piece 37 to Peer 1008
2020-12-12 21:43:52: Peer 1001 sending a PIECE message for piece 43 to Peer 1003
2020-12-12 21:43:53: Peer 1001 sending a PIECE message for piece 38 to Peer 1008
2020-12-12 21:43:53: Peer 1001 sending a PIECE message for piece 44 to Peer 1003
2020-12-12 21:43:53: Peer 1001 sending a PIECE message for piece 39 to Peer 1008
2020-12-12 21:43:53: Peer 1001 sending a PIECE message for piece 45 to Peer 1003
2020-12-12 21:43:54: Peer 1001 sending a PIECE message for piece 40 to Peer 1008
2020-12-12 21:43:54: Peer 1001 sending a PIECE message for piece 46 to Peer 1003
2020-12-12 21:43:54: Peer 1001 sending a PIECE message for piece 41 to Peer 1008
2020-12-12 21:43:54: Peer 1001 sending a PIECE message for piece 47 to Peer 1003
2020-12-12 21:43:55: Peer 1001 sending a PIECE message for piece 42 to Peer 1008
2020-12-12 21:43:55: Peer 1001 sending a PIECE message for piece 48 to Peer 1003
2020-12-12 21:43:55: Peer 1001 sending a PIECE message for piece 43 to Peer 1008
2020-12-12 21:43:55: Peer 1001 sending a PIECE message for piece 49 to Peer 1003
2020-12-12 21:43:55: Peer 1001 has the optimistically unchoked neighbor 1001
2020-12-12 21:43:56: Peer 1001 sending a PIECE message for piece 44 to Peer 1008
2020-12-12 21:43:56: Peer 1001 sending a PIECE message for piece 50 to Peer 1003
2020-12-12 21:43:56: Peer 1001 sending a PIECE message for piece 45 to Peer 1008
2020-12-12 21:43:56: Peer 1001 sending a PIECE message for piece 51 to Peer 1003
2020-12-12 21:43:57: Peer 1001 sending a PIECE message for piece 46 to Peer 1008
2020-12-12 21:43:57: Peer 1001 sending a PIECE message for piece 52 to Peer 1003
2020-12-12 21:43:57: Peer 1001 sending a PIECE message for piece 47 to Peer 1008
2020-12-12 21:43:57: Peer 1001 sending a PIECE message for piece 53 to Peer 1003
2020-12-12 21:43:58: Peer 1001 sending a PIECE message for piece 48 to Peer 1008
2020-12-12 21:43:58: Peer 1001 sending a PIECE message for piece 54 to Peer 1003
2020-12-12 21:43:58: Peer 1001 sending a PIECE message for piece 49 to Peer 1008
2020-12-12 21:43:58: Peer 1001 sending a PIECE message for piece 55 to Peer 1003
2020-12-12 21:43:59: Peer 1001 sending a PIECE message for piece 50 to Peer 1008
2020-12-12 21:43:59: Peer 1001 sending a PIECE message for piece 56 to Peer 1003
2020-12-12 21:43:59: Peer 1001 sending a PIECE message for piece 51 to Peer 1008
2020-12-12 21:43:59: Peer 1001 sending a PIECE message for piece 57 to Peer 1003
2020-12-12 21:44:00: Peer 1001 sending a PIECE message for piece 52 to Peer 1008
2020-12-12 21:44:00: Peer 1001 sending a PIECE message for piece 58 to Peer 1003
2020-12-12 21:44:00: Peer 1001 sending a PIECE message for piece 53 to Peer 1008
2020-12-12 21:44:00: Peer 1001 sending a PIECE message for piece 59 to Peer 1003
2020-12-12 21:44:01: Peer 1001 sending a PIECE message for piece 54 to Peer 1008
2020-12-12 21:44:01: Peer 1001 sending a PIECE message for piece 60 to Peer 1003
2020-12-12 21:44:01: Peer 1001 sending a PIECE message for piece 55 to Peer 1008
2020-12-12 21:44:01: Peer 1001 sending a PIECE message for piece 61 to Peer 1003
2020-12-12 21:44:02: Peer 1001 sending a PIECE message for piece 56 to Peer 1008
2020-12-12 21:44:02: Peer 1001 sending a PIECE message for piece 62 to Peer 1003
2020-12-12 21:44:02: Peer 1001 sending a PIECE message for piece 57 to Peer 1008
2020-12-12 21:44:02: Peer 1001 sending a PIECE message for piece 63 to Peer 1003
2020-12-12 21:44:03: Peer 1001 sending a PIECE message for piece 58 to Peer 1008
2020-12-12 21:44:03: Peer 1001 sending a PIECE message for piece 64 to Peer 1003
2020-12-12 21:44:03: Peer 1001 sending a PIECE message for piece 59 to Peer 1008
2020-12-12 21:44:03: Peer 1001 sending a PIECE message for piece 65 to Peer 1003
2020-12-12 21:44:04: Peer 1001 sending a PIECE message for piece 60 to Peer 1008
2020-12-12 21:44:04: Peer 1001 sending a PIECE message for piece 66 to Peer 1003
2020-12-12 21:44:04: Peer 1001 sending a PIECE message for piece 61 to Peer 1008
2020-12-12 21:44:05: Peer 1001 sending a PIECE message for piece 62 to Peer 1008
2020-12-12 21:44:05: Peer 1001 sending a PIECE message for piece 63 to Peer 1008
2020-12-12 21:44:05: Peer 1001 has the optimistically unchoked neighbor 1006
2020-12-12 21:44:06: Peer 1001 sending a PIECE message for piece 64 to Peer 1008
2020-12-12 21:44:06: Peer 1001 sending a PIECE message for piece 65 to Peer 1008
2020-12-12 21:44:07: Peer 1001 sending a PIECE message for piece 66 to Peer 1008
2020-12-12 21:44:10: Peer DOWNLOAD COMPLETE!!.
