2020-12-12 21:37:53: Peer 1006 has now started
2020-12-12 21:37:54: Peer 1006 has set Common Configurations: NumberOfPreferredNeighbors = 3, UnchokingInterval = 5, OptimisticUnchokingInterval = 10, FileName = thefile, FileSize = 2167705, PieceSize = 32768
2020-12-12 21:37:54: Peer 1006 has the optimistically unchoked neighbor 1009
2020-12-12 21:38:04: Peer 1006 has the optimistically unchoked neighbor 1001
2020-12-12 21:38:05: Peer 1006 Connection is established
2020-12-12 21:38:05: Peer 1006 makes a connection to Peer 1005
2020-12-12 21:38:05: Peer 1006 Received a HANDSHAKE message from Peer 1005
2020-12-12 21:38:05: Peer 1006 HANDSHAKE message has been sent successfully.
2020-12-12 21:38:05: Peer 1006 receieved a BITFIELD message from Peer 1005
2020-12-12 21:38:05: Peer 1006 sending BITFIELD message to Peer 1005
2020-12-12 21:38:06: Peer 1006 receieved an INTERESTED message from Peer 1005
2020-12-12 21:38:06: Peer 1006 sending UNCHOKE message to Peer 1005
2020-12-12 21:38:06: Peer 1006 sending a PIECE message for piece 0 to Peer 1005
2020-12-12 21:38:07: Peer 1006 sending a PIECE message for piece 1 to Peer 1005
2020-12-12 21:38:07: Peer 1006 sending a PIECE message for piece 2 to Peer 1005
2020-12-12 21:38:08: Peer 1006 sending a PIECE message for piece 3 to Peer 1005
2020-12-12 21:38:08: Peer 1006 sending a PIECE message for piece 4 to Peer 1005
2020-12-12 21:38:09: Peer 1006 sending a PIECE message for piece 5 to Peer 1005
2020-12-12 21:38:09: Peer 1006 sending a PIECE message for piece 6 to Peer 1005
2020-12-12 21:38:10: Peer 1006 sending a PIECE message for piece 7 to Peer 1005
2020-12-12 21:38:10: Peer 1006 Connection is established
2020-12-12 21:38:10: Peer 1006 makes a connection to Peer 1007
2020-12-12 21:38:10: Peer 1006 Received a HANDSHAKE message from Peer 1007
2020-12-12 21:38:10: Peer 1006 HANDSHAKE message has been sent successfully.
2020-12-12 21:38:10: Peer 1006 receieved a BITFIELD message from Peer 1007
2020-12-12 21:38:10: Peer 1006 sending BITFIELD message to Peer 1007
2020-12-12 21:38:10: Peer 1006 sending a PIECE message for piece 8 to Peer 1005
2020-12-12 21:38:11: Peer 1006 receieved an INTERESTED message from Peer 1007
2020-12-12 21:38:11: Peer 1006 sending UNCHOKE message to Peer 1007
2020-12-12 21:38:11: Peer 1006 sending a PIECE message for piece 9 to Peer 1005
2020-12-12 21:38:11: Peer 1006 sending a PIECE message for piece 0 to Peer 1007
2020-12-12 21:38:11: Peer 1006 sending a PIECE message for piece 10 to Peer 1005
2020-12-12 21:38:12: Peer 1006 sending a PIECE message for piece 11 to Peer 1005
2020-12-12 21:38:12: Peer 1006 sending a PIECE message for piece 1 to Peer 1007
2020-12-12 21:38:12: Peer 1006 sending a PIECE message for piece 12 to Peer 1005
2020-12-12 21:38:12: Peer 1006 sending a PIECE message for piece 2 to Peer 1007
2020-12-12 21:38:13: Peer 1006 sending a PIECE message for piece 13 to Peer 1005
2020-12-12 21:38:13: Peer 1006 sending a PIECE message for piece 3 to Peer 1007
2020-12-12 21:38:13: Peer 1006 sending a PIECE message for piece 14 to Peer 1005
2020-12-12 21:38:13: Peer 1006 sending a PIECE message for piece 4 to Peer 1007
2020-12-12 21:38:14: Peer 1006 sending a PIECE message for piece 15 to Peer 1005
2020-12-12 21:38:14: Peer 1006 sending a PIECE message for piece 5 to Peer 1007
2020-12-12 21:38:14: Peer 1006 has the optimistically unchoked neighbor 1005
2020-12-12 21:38:14: Peer 1006 sending a PIECE message for piece 16 to Peer 1005
2020-12-12 21:38:14: Peer 1006 sending a PIECE message for piece 6 to Peer 1007
2020-12-12 21:38:15: Peer 1006 sending a PIECE message for piece 17 to Peer 1005
2020-12-12 21:38:15: Peer 1006 sending a PIECE message for piece 7 to Peer 1007
2020-12-12 21:38:15: Peer 1006 sending a PIECE message for piece 8 to Peer 1007
2020-12-12 21:38:15: Peer 1006 sending a PIECE message for piece 18 to Peer 1005
2020-12-12 21:38:16: Peer 1006 sending a PIECE message for piece 18 to Peer 1007
2020-12-12 21:38:16: Peer 1006 sending a PIECE message for piece 19 to Peer 1005
2020-12-12 21:38:16: Peer 1006 sending a PIECE message for piece 19 to Peer 1007
2020-12-12 21:38:16: Peer 1006 sending a PIECE message for piece 20 to Peer 1005
2020-12-12 21:38:17: Peer 1006 sending a PIECE message for piece 20 to Peer 1007
2020-12-12 21:38:17: Peer 1006 sending a PIECE message for piece 21 to Peer 1005
2020-12-12 21:38:17: Peer 1006 sending a PIECE message for piece 21 to Peer 1007
2020-12-12 21:38:17: Peer 1006 sending a PIECE message for piece 22 to Peer 1005
2020-12-12 21:38:18: Peer 1006 sending a PIECE message for piece 22 to Peer 1007
2020-12-12 21:38:18: Peer 1006 sending a PIECE message for piece 23 to Peer 1005
2020-12-12 21:38:19: Peer 1006 sending a PIECE message for piece 23 to Peer 1007
2020-12-12 21:38:19: Peer 1006 sending a PIECE message for piece 24 to Peer 1005
2020-12-12 21:38:19: Peer 1006 sending a PIECE message for piece 24 to Peer 1007
2020-12-12 21:38:19: Peer 1006 sending a PIECE message for piece 25 to Peer 1005
2020-12-12 21:38:20: Peer 1006 sending a PIECE message for piece 25 to Peer 1007
2020-12-12 21:38:20: Peer 1006 sending a PIECE message for piece 26 to Peer 1005
2020-12-12 21:38:20: Peer 1006 sending a PIECE message for piece 26 to Peer 1007
2020-12-12 21:38:20: Peer 1006 sending a PIECE message for piece 27 to Peer 1005
2020-12-12 21:38:21: Peer 1006 sending a PIECE message for piece 27 to Peer 1007
2020-12-12 21:38:21: Peer 1006 sending a PIECE message for piece 28 to Peer 1005
2020-12-12 21:38:21: Peer 1006 sending a PIECE message for piece 28 to Peer 1007
2020-12-12 21:38:21: Peer 1006 sending a PIECE message for piece 29 to Peer 1005
2020-12-12 21:38:22: Peer 1006 sending a PIECE message for piece 29 to Peer 1007
2020-12-12 21:38:22: Peer 1006 sending a PIECE message for piece 30 to Peer 1005
2020-12-12 21:38:22: Peer 1006 sending a PIECE message for piece 30 to Peer 1007
2020-12-12 21:38:22: Peer 1006 sending a PIECE message for piece 31 to Peer 1005
2020-12-12 21:38:23: Peer 1006 sending a PIECE message for piece 31 to Peer 1007
2020-12-12 21:38:23: Peer 1006 sending a PIECE message for piece 32 to Peer 1005
2020-12-12 21:38:23: Peer 1006 sending a PIECE message for piece 32 to Peer 1007
2020-12-12 21:38:23: Peer 1006 sending a PIECE message for piece 33 to Peer 1005
2020-12-12 21:38:24: Peer 1006 sending a PIECE message for piece 34 to Peer 1005
2020-12-12 21:38:24: Peer 1006 sending a PIECE message for piece 33 to Peer 1007
2020-12-12 21:38:24: Peer 1006 sending a PIECE message for piece 35 to Peer 1005
2020-12-12 21:38:24: Peer 1006 sending a PIECE message for piece 34 to Peer 1007
2020-12-12 21:38:24: Peer 1006 sending a PIECE message for piece 36 to Peer 1005
2020-12-12 21:38:24: Peer 1006 has the optimistically unchoked neighbor 1005
2020-12-12 21:38:25: Peer 1006 sending a PIECE message for piece 35 to Peer 1007
2020-12-12 21:38:25: Peer 1006 sending a PIECE message for piece 37 to Peer 1005
2020-12-12 21:38:25: Peer 1006 sending a PIECE message for piece 36 to Peer 1007
2020-12-12 21:38:25: Peer 1006 sending a PIECE message for piece 38 to Peer 1005
2020-12-12 21:38:26: Peer 1006 sending a PIECE message for piece 37 to Peer 1007
2020-12-12 21:38:26: Peer 1006 sending a PIECE message for piece 39 to Peer 1005
2020-12-12 21:38:26: Peer 1006 sending a PIECE message for piece 38 to Peer 1007
2020-12-12 21:38:26: Peer 1006 sending a PIECE message for piece 40 to Peer 1005
2020-12-12 21:38:27: Peer 1006 sending a PIECE message for piece 39 to Peer 1007
2020-12-12 21:38:27: Peer 1006 sending a PIECE message for piece 41 to Peer 1005
2020-12-12 21:38:27: Peer 1006 sending a PIECE message for piece 40 to Peer 1007
2020-12-12 21:38:27: Peer 1006 sending a PIECE message for piece 42 to Peer 1005
2020-12-12 21:38:28: Peer 1006 sending a PIECE message for piece 41 to Peer 1007
2020-12-12 21:38:28: Peer 1006 sending a PIECE message for piece 43 to Peer 1005
2020-12-12 21:38:28: Peer 1006 sending a PIECE message for piece 42 to Peer 1007
2020-12-12 21:38:28: Peer 1006 sending a PIECE message for piece 44 to Peer 1005
2020-12-12 21:38:29: Peer 1006 sending a PIECE message for piece 43 to Peer 1007
2020-12-12 21:38:29: Peer 1006 sending a PIECE message for piece 45 to Peer 1005
2020-12-12 21:38:29: Peer 1006 sending a PIECE message for piece 44 to Peer 1007
2020-12-12 21:38:29: Peer 1006 sending a PIECE message for piece 46 to Peer 1005
2020-12-12 21:38:30: Peer 1006 sending a PIECE message for piece 45 to Peer 1007
2020-12-12 21:38:30: Peer 1006 sending a PIECE message for piece 47 to Peer 1005
2020-12-12 21:38:30: Peer 1006 sending a PIECE message for piece 46 to Peer 1007
2020-12-12 21:38:30: Peer 1006 sending a PIECE message for piece 48 to Peer 1005
2020-12-12 21:38:31: Peer 1006 sending a PIECE message for piece 49 to Peer 1005
2020-12-12 21:38:31: Peer 1006 sending a PIECE message for piece 47 to Peer 1007
2020-12-12 21:38:31: Peer 1006 sending a PIECE message for piece 50 to Peer 1005
2020-12-12 21:38:32: Peer 1006 sending a PIECE message for piece 48 to Peer 1007
2020-12-12 21:38:32: Peer 1006 sending a PIECE message for piece 51 to Peer 1005
2020-12-12 21:38:32: Peer 1006 sending a PIECE message for piece 49 to Peer 1007
2020-12-12 21:38:32: Peer 1006 sending a PIECE message for piece 52 to Peer 1005
2020-12-12 21:38:33: Peer 1006 sending a PIECE message for piece 50 to Peer 1007
2020-12-12 21:38:33: Peer 1006 sending a PIECE message for piece 53 to Peer 1005
2020-12-12 21:38:33: Peer 1006 sending a PIECE message for piece 51 to Peer 1007
2020-12-12 21:38:33: Peer 1006 sending a PIECE message for piece 54 to Peer 1005
2020-12-12 21:38:34: Peer 1006 sending a PIECE message for piece 52 to Peer 1007
2020-12-12 21:38:34: Peer 1006 sending a PIECE message for piece 55 to Peer 1005
2020-12-12 21:38:34: Peer 1006 has the optimistically unchoked neighbor 1006
2020-12-12 21:38:34: Peer 1006 sending a PIECE message for piece 53 to Peer 1007
2020-12-12 21:38:34: Peer 1006 sending a PIECE message for piece 56 to Peer 1005
2020-12-12 21:38:35: Peer 1006 sending a PIECE message for piece 54 to Peer 1007
2020-12-12 21:38:35: Peer 1006 sending a PIECE message for piece 57 to Peer 1005
2020-12-12 21:38:35: Peer 1006 sending a PIECE message for piece 58 to Peer 1005
2020-12-12 21:38:35: Peer 1006 sending a PIECE message for piece 55 to Peer 1007
2020-12-12 21:38:36: Peer 1006 sending a PIECE message for piece 59 to Peer 1005
2020-12-12 21:38:36: Peer 1006 sending a PIECE message for piece 56 to Peer 1007
2020-12-12 21:38:37: Peer 1006 sending a PIECE message for piece 60 to Peer 1005
2020-12-12 21:38:37: Peer 1006 sending a PIECE message for piece 57 to Peer 1007
2020-12-12 21:38:37: Peer 1006 sending a PIECE message for piece 61 to Peer 1005
2020-12-12 21:38:37: Peer 1006 sending a PIECE message for piece 58 to Peer 1007
2020-12-12 21:38:38: Peer 1006 sending a PIECE message for piece 62 to Peer 1005
2020-12-12 21:38:38: Peer 1006 sending a PIECE message for piece 59 to Peer 1007
2020-12-12 21:38:38: Peer 1006 sending a PIECE message for piece 63 to Peer 1005
2020-12-12 21:38:38: Peer 1006 sending a PIECE message for piece 60 to Peer 1007
2020-12-12 21:38:39: Peer 1006 sending a PIECE message for piece 64 to Peer 1005
2020-12-12 21:38:39: Peer 1006 sending a PIECE message for piece 61 to Peer 1007
2020-12-12 21:38:39: Peer 1006 sending a PIECE message for piece 65 to Peer 1005
2020-12-12 21:38:39: Peer 1006 sending a PIECE message for piece 62 to Peer 1007
2020-12-12 21:38:40: Peer 1006 sending a PIECE message for piece 66 to Peer 1005
2020-12-12 21:38:40: Peer 1006 sending a PIECE message for piece 63 to Peer 1007
2020-12-12 21:38:40: Peer 1006 sending a PIECE message for piece 64 to Peer 1007
2020-12-12 21:38:41: Peer 1006 sending a PIECE message for piece 65 to Peer 1007
2020-12-12 21:38:41: Peer 1006 sending a PIECE message for piece 66 to Peer 1007
2020-12-12 21:38:44: Peer DOWNLOAD COMPLETE!!.
